# JRE version: Java(TM) SE Runtime Environment Oracle GraalVM 21.0.7+8.1 (21.0.7+8) (build 21.0.7+8-LTS-jvmci-23.1-b60)
# Java VM: Java HotSpot(TM) 64-Bit Server VM Oracle GraalVM 21.0.7+8.1 (21.0.7+8-LTS-jvmci-23.1-b60, mixed mode, emulated-client, sharing, tiered, jvmci, jvmci compiler, compressed oops, compressed class ptrs, g1 gc, windows-amd64)
GC Precious Log:
 CardTable entry size: 512
 Card Set container configuration: InlinePtr #cards 4 size 8 Array Of Cards #cards 32 size 80 Howl #buckets 8 coarsen threshold 7372 Howl Bitmap #cards 1024 size 144 coarsen threshold 921 Card regions per heap region 1 cards per card region 8192
 CPUs: 12 total, 12 available
 Memory: 32502M
 Large Page Support: Disabled
 NUMA Support: Disabled
 Compressed Oops: Enabled (Zero based)
 Heap Region Size: 4M
 Heap Min Capacity: 8M
 Heap Initial Capacity: 508M
 Heap Max Capacity: 8128M
 Pre-touch: Disabled
 Parallel Workers: 10
 Concurrent Workers: 3
 Concurrent Refinement Workers: 10
 Periodic GC: Disabled
Heap:
 garbage-first heap   total 151552K, used 81872K [0x0000000604000000, 0x0000000800000000)
  region size 4096K, 11 young (45056K), 2 survivors (8192K)
 Metaspace       used 91919K, committed 92928K, reserved 1179648K
  class space    used 13299K, committed 13760K, reserved 1048576K
GC Heap History (20 events):
Event: 5373.927 GC heap after
{Heap after GC invocations=38 (full 0):
 garbage-first heap   total 204800K, used 55509K [0x0000000604000000, 0x0000000800000000)
  region size 4096K, 2 young (8192K), 2 survivors (8192K)
 Metaspace       used 90002K, committed 91456K, reserved 1179648K
  class space    used 13064K, committed 13632K, reserved 1048576K
}
Event: 5820.329 GC heap before
{Heap before GC invocations=38 (full 0):
 garbage-first heap   total 204800K, used 170197K [0x0000000604000000, 0x0000000800000000)
  region size 4096K, 30 young (122880K), 2 survivors (8192K)
 Metaspace       used 90002K, committed 91456K, reserved 1179648K
  class space    used 13064K, committed 13632K, reserved 1048576K
}
Event: 5820.335 GC heap after
{Heap after GC invocations=39 (full 0):
 garbage-first heap   total 204800K, used 49859K [0x0000000604000000, 0x0000000800000000)
  region size 4096K, 2 young (8192K), 2 survivors (8192K)
 Metaspace       used 90002K, committed 91456K, reserved 1179648K
  class space    used 13064K, committed 13632K, reserved 1048576K
}
Event: 6269.367 GC heap before
{Heap before GC invocations=39 (full 0):
 garbage-first heap   total 204800K, used 164547K [0x0000000604000000, 0x0000000800000000)
  region size 4096K, 30 young (122880K), 2 survivors (8192K)
 Metaspace       used 90002K, committed 91456K, reserved 1179648K
  class space    used 13064K, committed 13632K, reserved 1048576K
}
Event: 6269.371 GC heap after
{Heap after GC invocations=40 (full 0):
 garbage-first heap   total 204800K, used 49779K [0x0000000604000000, 0x0000000800000000)
  region size 4096K, 2 young (8192K), 2 survivors (8192K)
 Metaspace       used 90002K, committed 91456K, reserved 1179648K
  class space    used 13064K, committed 13632K, reserved 1048576K
}
Event: 6683.114 GC heap before
{Heap before GC invocations=41 (full 0):
 garbage-first heap   total 192512K, used 156275K [0x0000000604000000, 0x0000000800000000)
  region size 4096K, 28 young (114688K), 2 survivors (8192K)
 Metaspace       used 90002K, committed 91456K, reserved 1179648K
  class space    used 13064K, committed 13632K, reserved 1048576K
}
Event: 6683.122 GC heap after
{Heap after GC invocations=42 (full 0):
 garbage-first heap   total 192512K, used 49994K [0x0000000604000000, 0x0000000800000000)
  region size 4096K, 2 young (8192K), 2 survivors (8192K)
 Metaspace       used 90002K, committed 91456K, reserved 1179648K
  class space    used 13064K, committed 13632K, reserved 1048576K
}
Event: 7095.370 GC heap before
{Heap before GC invocations=42 (full 0):
 garbage-first heap   total 192512K, used 156490K [0x0000000604000000, 0x0000000800000000)
  region size 4096K, 28 young (114688K), 2 survivors (8192K)
 Metaspace       used 90002K, committed 91456K, reserved 1179648K
  class space    used 13064K, committed 13632K, reserved 1048576K
}
Event: 7095.376 GC heap after
{Heap after GC invocations=43 (full 0):
 garbage-first heap   total 192512K, used 46125K [0x0000000604000000, 0x0000000800000000)
  region size 4096K, 2 young (8192K), 2 survivors (8192K)
 Metaspace       used 90002K, committed 91456K, reserved 1179648K
  class space    used 13064K, committed 13632K, reserved 1048576K
}
Event: 7510.367 GC heap before
{Heap before GC invocations=43 (full 0):
 garbage-first heap   total 192512K, used 152621K [0x0000000604000000, 0x0000000800000000)
  region size 4096K, 28 young (114688K), 2 survivors (8192K)
 Metaspace       used 90002K, committed 91456K, reserved 1179648K
  class space    used 13064K, committed 13632K, reserved 1048576K
}
Event: 7510.371 GC heap after
{Heap after GC invocations=44 (full 0):
 garbage-first heap   total 192512K, used 45675K [0x0000000604000000, 0x0000000800000000)
  region size 4096K, 2 young (8192K), 2 survivors (8192K)
 Metaspace       used 90002K, committed 91456K, reserved 1179648K
  class space    used 13064K, committed 13632K, reserved 1048576K
}
Event: 7610.976 GC heap before
{Heap before GC invocations=45 (full 0):
 garbage-first heap   total 192512K, used 74347K [0x0000000604000000, 0x0000000800000000)
  region size 4096K, 10 young (40960K), 2 survivors (8192K)
 Metaspace       used 90160K, committed 91456K, reserved 1179648K
  class space    used 13105K, committed 13632K, reserved 1048576K
}
Event: 7611.011 GC heap after
{Heap after GC invocations=46 (full 1):
 garbage-first heap   total 151552K, used 34425K [0x0000000604000000, 0x0000000800000000)
  region size 4096K, 0 young (0K), 0 survivors (0K)
 Metaspace       used 89879K, committed 91456K, reserved 1179648K
  class space    used 13030K, committed 13632K, reserved 1048576K
}
Event: 7611.942 GC heap before
{Heap before GC invocations=46 (full 1):
 garbage-first heap   total 151552K, used 108153K [0x0000000604000000, 0x0000000800000000)
  region size 4096K, 19 young (77824K), 0 survivors (0K)
 Metaspace       used 90461K, committed 91520K, reserved 1179648K
  class space    used 13127K, committed 13632K, reserved 1048576K
}
Event: 7611.946 GC heap after
{Heap after GC invocations=47 (full 1):
 garbage-first heap   total 151552K, used 43189K [0x0000000604000000, 0x0000000800000000)
  region size 4096K, 3 young (12288K), 3 survivors (12288K)
 Metaspace       used 90461K, committed 91520K, reserved 1179648K
  class space    used 13127K, committed 13632K, reserved 1048576K
}
Event: 7612.371 GC heap before
{Heap before GC invocations=48 (full 1):
 garbage-first heap   total 151552K, used 112821K [0x0000000604000000, 0x0000000800000000)
  region size 4096K, 20 young (81920K), 3 survivors (12288K)
 Metaspace       used 91404K, committed 92288K, reserved 1179648K
  class space    used 13237K, committed 13632K, reserved 1048576K
}
Event: 7612.376 GC heap after
{Heap after GC invocations=49 (full 1):
 garbage-first heap   total 151552K, used 47151K [0x0000000604000000, 0x0000000800000000)
  region size 4096K, 2 young (8192K), 2 survivors (8192K)
 Metaspace       used 91404K, committed 92288K, reserved 1179648K
  class space    used 13237K, committed 13632K, reserved 1048576K
}
Event: 7612.522 GC heap before
{Heap before GC invocations=49 (full 1):
 garbage-first heap   total 151552K, used 67631K [0x0000000604000000, 0x0000000800000000)
  region size 4096K, 8 young (32768K), 2 survivors (8192K)
 Metaspace       used 91855K, committed 92800K, reserved 1179648K
  class space    used 13282K, committed 13696K, reserved 1048576K
}
Event: 7612.524 GC heap after
{Heap after GC invocations=50 (full 1):
 garbage-first heap   total 151552K, used 49104K [0x0000000604000000, 0x0000000800000000)
  region size 4096K, 2 young (8192K), 2 survivors (8192K)
 Metaspace       used 91855K, committed 92800K, reserved 1179648K
  class space    used 13282K, committed 13696K, reserved 1048576K
}
Event: 7614.257 GC heap before
{Heap before GC invocations=51 (full 1):
 garbage-first heap   total 151552K, used 81872K [0x0000000604000000, 0x0000000800000000)
  region size 4096K, 11 young (45056K), 2 survivors (8192K)
 Metaspace       used 91919K, committed 92928K, reserved 1179648K
  class space    used 13299K, committed 13760K, reserved 1048576K
}

