# JRE version: Java(TM) SE Runtime Environment Oracle GraalVM 21.0.7+8.1 (21.0.7+8) (build 21.0.7+8-LTS-jvmci-23.1-b60)
# Java VM: Java HotSpot(TM) 64-Bit Server VM Oracle GraalVM 21.0.7+8.1 (21.0.7+8-LTS-jvmci-23.1-b60, mixed mode, sharing, tiered, jvmci, jvmci compiler, compressed oops, compressed class ptrs, g1 gc, windows-amd64)
GC Precious Log:
 CardTable entry size: 512
 Card Set container configuration: InlinePtr #cards 5 size 8 Array Of Cards #cards 12 size 40 Howl #buckets 4 coarsen threshold 1843 Howl Bitmap #cards 512 size 80 coarsen threshold 460 Card regions per heap region 1 cards per card region 2048
 CPUs: 12 total, 12 available
 Memory: 32502M
 Large Page Support: Disabled
 NUMA Support: Disabled
 Compressed Oops: Enabled (32-bit)
 Heap Region Size: 1M
 Heap Min Capacity: 256M
 Heap Initial Capacity: 256M
 Heap Max Capacity: 512M
 Pre-touch: Disabled
 Parallel Workers: 10
 Concurrent Workers: 3
 Concurrent Refinement Workers: 10
 Periodic GC: Disabled
Heap:
 garbage-first heap   total 295936K, used 182893K [0x00000000e0000000, 0x0000000100000000)
  region size 1024K, 16 young (16384K), 11 survivors (11264K)
 Metaspace       used 161794K, committed 164864K, reserved 524288K
  class space    used 19885K, committed 21440K, reserved 327680K
GC Heap History (20 events):
Event: 7.102 GC heap before
{Heap before GC invocations=15 (full 0):
 garbage-first heap   total 279552K, used 213779K [0x00000000e0000000, 0x0000000100000000)
  region size 1024K, 105 young (107520K), 18 survivors (18432K)
 Metaspace       used 100078K, committed 102400K, reserved 458752K
  class space    used 13228K, committed 14400K, reserved 327680K
}
Event: 7.110 GC heap after
{Heap after GC invocations=16 (full 0):
 garbage-first heap   total 279552K, used 133611K [0x00000000e0000000, 0x0000000100000000)
  region size 1024K, 7 young (7168K), 7 survivors (7168K)
 Metaspace       used 100078K, committed 102400K, reserved 458752K
  class space    used 13228K, committed 14400K, reserved 327680K
}
Event: 7.717 GC heap before
{Heap before GC invocations=17 (full 0):
 garbage-first heap   total 279552K, used 248299K [0x00000000e0000000, 0x0000000100000000)
  region size 1024K, 119 young (121856K), 7 survivors (7168K)
 Metaspace       used 109204K, committed 111552K, reserved 458752K
  class space    used 14305K, committed 15488K, reserved 327680K
}
Event: 7.721 GC heap after
{Heap after GC invocations=18 (full 0):
 garbage-first heap   total 279552K, used 137850K [0x00000000e0000000, 0x0000000100000000)
  region size 1024K, 12 young (12288K), 12 survivors (12288K)
 Metaspace       used 109204K, committed 111552K, reserved 458752K
  class space    used 14305K, committed 15488K, reserved 327680K
}
Event: 8.435 GC heap before
{Heap before GC invocations=18 (full 0):
 garbage-first heap   total 279552K, used 250490K [0x00000000e0000000, 0x0000000100000000)
  region size 1024K, 122 young (124928K), 12 survivors (12288K)
 Metaspace       used 124915K, committed 127360K, reserved 458752K
  class space    used 15829K, committed 17024K, reserved 327680K
}
Event: 8.439 GC heap after
{Heap after GC invocations=19 (full 0):
 garbage-first heap   total 279552K, used 142786K [0x00000000e0000000, 0x0000000100000000)
  region size 1024K, 12 young (12288K), 12 survivors (12288K)
 Metaspace       used 124915K, committed 127360K, reserved 458752K
  class space    used 15829K, committed 17024K, reserved 327680K
}
Event: 9.043 GC heap before
{Heap before GC invocations=19 (full 0):
 garbage-first heap   total 279552K, used 250306K [0x00000000e0000000, 0x0000000100000000)
  region size 1024K, 118 young (120832K), 12 survivors (12288K)
 Metaspace       used 131960K, committed 134592K, reserved 458752K
  class space    used 16837K, committed 18176K, reserved 327680K
}
Event: 9.048 GC heap after
{Heap after GC invocations=20 (full 0):
 garbage-first heap   total 279552K, used 151947K [0x00000000e0000000, 0x0000000100000000)
  region size 1024K, 15 young (15360K), 15 survivors (15360K)
 Metaspace       used 131960K, committed 134592K, reserved 458752K
  class space    used 16837K, committed 18176K, reserved 327680K
}
Event: 9.558 GC heap before
{Heap before GC invocations=21 (full 0):
 garbage-first heap   total 279552K, used 248203K [0x00000000e0000000, 0x0000000100000000)
  region size 1024K, 108 young (110592K), 15 survivors (15360K)
 Metaspace       used 135188K, committed 137856K, reserved 458752K
  class space    used 17005K, committed 18304K, reserved 327680K
}
Event: 9.565 GC heap after
{Heap after GC invocations=22 (full 0):
 garbage-first heap   total 279552K, used 163821K [0x00000000e0000000, 0x0000000100000000)
  region size 1024K, 12 young (12288K), 12 survivors (12288K)
 Metaspace       used 135188K, committed 137856K, reserved 458752K
  class space    used 17005K, committed 18304K, reserved 327680K
}
Event: 10.181 GC heap before
{Heap before GC invocations=22 (full 0):
 garbage-first heap   total 279552K, used 253933K [0x00000000e0000000, 0x0000000100000000)
  region size 1024K, 98 young (100352K), 12 survivors (12288K)
 Metaspace       used 142967K, committed 145728K, reserved 458752K
  class space    used 17991K, committed 19392K, reserved 327680K
}
Event: 10.187 GC heap after
{Heap after GC invocations=23 (full 0):
 garbage-first heap   total 279552K, used 164706K [0x00000000e0000000, 0x0000000100000000)
  region size 1024K, 8 young (8192K), 8 survivors (8192K)
 Metaspace       used 142967K, committed 145728K, reserved 458752K
  class space    used 17991K, committed 19392K, reserved 327680K
}
Event: 11.982 GC heap before
{Heap before GC invocations=23 (full 0):
 garbage-first heap   total 279552K, used 253794K [0x00000000e0000000, 0x0000000100000000)
  region size 1024K, 96 young (98304K), 8 survivors (8192K)
 Metaspace       used 151739K, committed 154560K, reserved 524288K
  class space    used 18942K, committed 20352K, reserved 327680K
}
Event: 11.988 GC heap after
{Heap after GC invocations=24 (full 0):
 garbage-first heap   total 279552K, used 171894K [0x00000000e0000000, 0x0000000100000000)
  region size 1024K, 8 young (8192K), 8 survivors (8192K)
 Metaspace       used 151739K, committed 154560K, reserved 524288K
  class space    used 18942K, committed 20352K, reserved 327680K
}
Event: 12.866 GC heap before
{Heap before GC invocations=25 (full 0):
 garbage-first heap   total 295936K, used 254838K [0x00000000e0000000, 0x0000000100000000)
  region size 1024K, 89 young (91136K), 8 survivors (8192K)
 Metaspace       used 158303K, committed 161344K, reserved 524288K
  class space    used 19559K, committed 21056K, reserved 327680K
}
Event: 12.869 GC heap after
{Heap after GC invocations=26 (full 0):
 garbage-first heap   total 295936K, used 175201K [0x00000000e0000000, 0x0000000100000000)
  region size 1024K, 4 young (4096K), 4 survivors (4096K)
 Metaspace       used 158303K, committed 161344K, reserved 524288K
  class space    used 19559K, committed 21056K, reserved 327680K
}
Event: 14.030 GC heap before
{Heap before GC invocations=26 (full 0):
 garbage-first heap   total 295936K, used 272481K [0x00000000e0000000, 0x0000000100000000)
  region size 1024K, 100 young (102400K), 4 survivors (4096K)
 Metaspace       used 160580K, committed 163584K, reserved 524288K
  class space    used 19727K, committed 21248K, reserved 327680K
}
Event: 14.034 GC heap after
{Heap after GC invocations=27 (full 0):
 garbage-first heap   total 295936K, used 176754K [0x00000000e0000000, 0x0000000100000000)
  region size 1024K, 9 young (9216K), 9 survivors (9216K)
 Metaspace       used 160580K, committed 163584K, reserved 524288K
  class space    used 19727K, committed 21248K, reserved 327680K
}
Event: 14.762 GC heap before
{Heap before GC invocations=27 (full 0):
 garbage-first heap   total 295936K, used 269938K [0x00000000e0000000, 0x0000000100000000)
  region size 1024K, 100 young (102400K), 9 survivors (9216K)
 Metaspace       used 161487K, committed 164544K, reserved 524288K
  class space    used 19845K, committed 21376K, reserved 327680K
}
Event: 14.767 GC heap after
{Heap after GC invocations=28 (full 0):
 garbage-first heap   total 295936K, used 182893K [0x00000000e0000000, 0x0000000100000000)
  region size 1024K, 11 young (11264K), 11 survivors (11264K)
 Metaspace       used 161487K, committed 164544K, reserved 524288K
  class space    used 19845K, committed 21376K, reserved 327680K
}

